<?xml version="1.0" encoding="UTF-8"?>
<testng-results ignored="0" total="4" passed="3" failed="1" skipped="0">
  <reporter-output>
  </reporter-output>
  <suite started-at="2024-05-08T17:58:04 EEST" name="Default suite" finished-at="2024-05-08T17:58:13 EEST" duration-ms="8454">
    <groups>
    </groups>
    <test started-at="2024-05-08T17:58:04 EEST" name="Default test" finished-at="2024-05-08T17:58:13 EEST" duration-ms="8454">
      <class name="curs19.SeleniumLocators">
        <test-method is-config="true" signature="setup()[pri:0, instance:curs19.SeleniumLocators@3f6b0be5]" started-at="2024-05-08T17:58:04 EEST" name="setup" finished-at="2024-05-08T17:58:06 EEST" duration-ms="2166" status="PASS">
          <reporter-output>
          </reporter-output>
        </test-method> <!-- setup -->
        <test-method signature="tagNameLocator()[pri:1, instance:curs19.SeleniumLocators@3f6b0be5]" started-at="2024-05-08T17:58:06 EEST" name="tagNameLocator" finished-at="2024-05-08T17:58:07 EEST" duration-ms="35" status="PASS">
          <reporter-output>
          </reporter-output>
        </test-method> <!-- tagNameLocator -->
        <test-method signature="linkTextLocator()[pri:2, instance:curs19.SeleniumLocators@3f6b0be5]" started-at="2024-05-08T17:58:07 EEST" name="linkTextLocator" finished-at="2024-05-08T17:58:07 EEST" duration-ms="446" status="PASS">
          <reporter-output>
          </reporter-output>
        </test-method> <!-- linkTextLocator -->
        <test-method signature="partialLinkTextLocator()[pri:3, instance:curs19.SeleniumLocators@3f6b0be5]" started-at="2024-05-08T17:58:07 EEST" name="partialLinkTextLocator" finished-at="2024-05-08T17:58:08 EEST" duration-ms="587" status="PASS">
          <reporter-output>
          </reporter-output>
        </test-method> <!-- partialLinkTextLocator -->
        <test-method signature="classNameLocator()[pri:4, instance:curs19.SeleniumLocators@3f6b0be5]" started-at="2024-05-08T17:58:08 EEST" name="classNameLocator" finished-at="2024-05-08T17:58:08 EEST" duration-ms="78" status="FAIL">
          <exception class="java.lang.AssertionError">
            <message>
              <![CDATA[expected [true] but found [false]]]>
            </message>
            <full-stacktrace>
              <![CDATA[java.lang.AssertionError: expected [true] but found [false]
at org.testng.Assert.fail(Assert.java:99)
at org.testng.Assert.failNotEquals(Assert.java:1037)
at org.testng.Assert.assertTrue(Assert.java:45)
at org.testng.Assert.assertTrue(Assert.java:55)
at curs19.SeleniumLocators.classNameLocator(SeleniumLocators.java:65)
at java.base/jdk.internal.reflect.DirectMethodHandleAccessor.invoke(DirectMethodHandleAccessor.java:104)
at java.base/java.lang.reflect.Method.invoke(Method.java:577)
at org.testng.internal.MethodInvocationHelper.invokeMethod(MethodInvocationHelper.java:133)
at org.testng.internal.TestInvoker.invokeMethod(TestInvoker.java:598)
at org.testng.internal.TestInvoker.invokeTestMethod(TestInvoker.java:173)
at org.testng.internal.MethodRunner.runInSequence(MethodRunner.java:46)
at org.testng.internal.TestInvoker$MethodInvocationAgent.invoke(TestInvoker.java:824)
at org.testng.internal.TestInvoker.invokeTestMethods(TestInvoker.java:146)
at org.testng.internal.TestMethodWorker.invokeTestMethods(TestMethodWorker.java:146)
at org.testng.internal.TestMethodWorker.run(TestMethodWorker.java:128)
at java.base/java.util.ArrayList.forEach(ArrayList.java:1511)
at org.testng.TestRunner.privateRun(TestRunner.java:794)
at org.testng.TestRunner.run(TestRunner.java:596)
at org.testng.SuiteRunner.runTest(SuiteRunner.java:377)
at org.testng.SuiteRunner.runSequentially(SuiteRunner.java:371)
at org.testng.SuiteRunner.privateRun(SuiteRunner.java:332)
at org.testng.SuiteRunner.run(SuiteRunner.java:276)
at org.testng.SuiteRunnerWorker.runSuite(SuiteRunnerWorker.java:53)
at org.testng.SuiteRunnerWorker.run(SuiteRunnerWorker.java:96)
at org.testng.TestNG.runSuitesSequentially(TestNG.java:1212)
at org.testng.TestNG.runSuitesLocally(TestNG.java:1134)
at org.testng.TestNG.runSuites(TestNG.java:1063)
at org.testng.TestNG.run(TestNG.java:1031)
at org.testng.remote.AbstractRemoteTestNG.run(AbstractRemoteTestNG.java:115)
at org.testng.remote.RemoteTestNG.initAndRun(RemoteTestNG.java:251)
at org.testng.remote.RemoteTestNG.main(RemoteTestNG.java:77)
]]>
            </full-stacktrace>
          </exception> <!-- java.lang.AssertionError -->
          <reporter-output>
          </reporter-output>
        </test-method> <!-- classNameLocator -->
        <test-method is-config="true" signature="tearDown()[pri:0, instance:curs19.SeleniumLocators@3f6b0be5]" started-at="2024-05-08T17:58:08 EEST" name="tearDown" finished-at="2024-05-08T17:58:13 EEST" duration-ms="5116" status="PASS">
          <reporter-output>
          </reporter-output>
        </test-method> <!-- tearDown -->
      </class> <!-- curs19.SeleniumLocators -->
    </test> <!-- Default test -->
  </suite> <!-- Default suite -->
</testng-results>
